
> salud-digital@1.0.0 start
> node server.js

◇ injected env (6) from .env // tip: ⌘ suppress logs { quiet: true }
Database initialized successfully

SaludDigital running → http://localhost:3000

Demo accounts:
  Super Admin  : admin@saluddigital.com     / admin123
  Clinic Norte : admin@clinicanorte.com     / clinic123
  Clinic Sur   : admin@clinicasur.com       / clinic123
  Doctor Norte : dr.garcia@clinicanorte.com / doctor123
  Doctor Sur   : dr.lopez@clinicasur.com    / doctor123


=== TEMPLATE CONTENT ===
RAW HTML: <p>Yo <u>                    </u> Alvaro Lobo acredito al Doctor <strong>Alvaro Lobo</strong> numero de carnet <strong>0103030140</strong></p>
=== END TEMPLATE ===

AFTER STRIP: Yo                      Alvaro Lobo acredito al Doctor Alvaro Lobo numero de carnet 0103030140

---

=== TEMPLATE CONTENT ===
RAW HTML: <p>Yo <u>                    </u> Alvaro Lobo acredito al Doctor <strong>Alvaro Lobo</strong> numero de carnet <strong>0103030140</strong></p>
=== END TEMPLATE ===

AFTER STRIP: Yo                      Alvaro Lobo acredito al Doctor Alvaro Lobo numero de carnet 0103030140

---
